debug: Fri, 29 Oct 2021 08:08:02 GMT
debug: Project: C:\eulerland game\EulerLand
debug: Targets: editor,preview
debug: Incremental file seems great.
debug: Engine path: C:\CocosDashboard_1.0.20\resources\.editors\Creator\3.1.1\resources\resources\3d\engine
debug: Initializing target [Editor]
debug: Loading cache
debug: Loading cache costs 2.941100001335144ms.
debug: Engine features shipped in editor: base,gfx-webgl,gfx-webgl2,3d,2d,ui,particle,particle-2d,physics-framework,physics-2d-framework,intersection-2d,primitive,profiler,audio,video,terrain,webview,tween,tiled-map,spine,dragon-bones
debug: Initializing target [Preview]
debug: Loading cache
debug: Loading cache costs 6.724200010299683ms.
debug: Sync engine features: base,gfx-webgl,gfx-webgl2,3d,2d,ui,particle,physics-ammo,physics-2d-box2d,intersection-2d,primitive,profiler,particle-2d,audio,video,webview,tween,terrain,tiled-map,spine,dragon-bones
debug: Pulling asset-db.
debug: Fetch asset-db cost: 48.753601014614105ms.
debug: Build iteration starts.
Number of accumulated asset changes: 29
Feature changed: false
debug: Target(editor) build started.
debug: Detected change: cce:/internal/x/cc. Last mtime: Thu Jan 01 1970 08:00:04 GMT+0800 (中国标准时间), Current mtime: Thu Jan 01 1970 08:00:05 GMT+0800 (中国标准时间)
debug: Inspect cce:/internal/x/cc
debug: Resolve cce:/internal/x/cc-fu/base from cce:/internal/x/cc as external dependency cce:/internal/x/cc-fu/base.
debug: Resolve cce:/internal/x/cc-fu/gfx-webgl from cce:/internal/x/cc as external dependency cce:/internal/x/cc-fu/gfx-webgl.
debug: Resolve cce:/internal/x/cc-fu/gfx-webgl2 from cce:/internal/x/cc as external dependency cce:/internal/x/cc-fu/gfx-webgl2.
debug: Resolve cce:/internal/x/cc-fu/3d from cce:/internal/x/cc as external dependency cce:/internal/x/cc-fu/3d.
debug: Resolve cce:/internal/x/cc-fu/2d from cce:/internal/x/cc as external dependency cce:/internal/x/cc-fu/2d.
debug: Resolve cce:/internal/x/cc-fu/ui from cce:/internal/x/cc as external dependency cce:/internal/x/cc-fu/ui.
debug: Resolve cce:/internal/x/cc-fu/particle from cce:/internal/x/cc as external dependency cce:/internal/x/cc-fu/particle.
debug: Resolve cce:/internal/x/cc-fu/particle-2d from cce:/internal/x/cc as external dependency cce:/internal/x/cc-fu/particle-2d.
debug: Resolve cce:/internal/x/cc-fu/physics-framework from cce:/internal/x/cc as external dependency cce:/internal/x/cc-fu/physics-framework.
debug: Resolve cce:/internal/x/cc-fu/physics-2d-framework from cce:/internal/x/cc as external dependency cce:/internal/x/cc-fu/physics-2d-framework.
debug: Resolve cce:/internal/x/cc-fu/intersection-2d from cce:/internal/x/cc as external dependency cce:/internal/x/cc-fu/intersection-2d.
debug: Resolve cce:/internal/x/cc-fu/primitive from cce:/internal/x/cc as external dependency cce:/internal/x/cc-fu/primitive.
debug: Resolve cce:/internal/x/cc-fu/profiler from cce:/internal/x/cc as external dependency cce:/internal/x/cc-fu/profiler.
debug: Resolve cce:/internal/x/cc-fu/audio from cce:/internal/x/cc as external dependency cce:/internal/x/cc-fu/audio.
debug: Resolve cce:/internal/x/cc-fu/video from cce:/internal/x/cc as external dependency cce:/internal/x/cc-fu/video.
debug: Resolve cce:/internal/x/cc-fu/terrain from cce:/internal/x/cc as external dependency cce:/internal/x/cc-fu/terrain.
debug: Resolve cce:/internal/x/cc-fu/webview from cce:/internal/x/cc as external dependency cce:/internal/x/cc-fu/webview.
debug: Resolve cce:/internal/x/cc-fu/tween from cce:/internal/x/cc as external dependency cce:/internal/x/cc-fu/tween.
debug: Resolve cce:/internal/x/cc-fu/tiled-map from cce:/internal/x/cc as external dependency cce:/internal/x/cc-fu/tiled-map.
debug: Resolve cce:/internal/x/cc-fu/spine from cce:/internal/x/cc as external dependency cce:/internal/x/cc-fu/spine.
debug: Resolve cce:/internal/x/cc-fu/dragon-bones from cce:/internal/x/cc as external dependency cce:/internal/x/cc-fu/dragon-bones.
debug: Detected change: cce:/internal/x/prerequisite-imports. Last mtime: Thu Jan 01 1970 10:31:40 GMT+0800 (中国标准时间), Current mtime: Thu Jan 01 1970 08:00:29 GMT+0800 (中国标准时间)
debug: Inspect cce:/internal/x/prerequisite-imports
debug: Resolve file:///C:/eulerland%20game/EulerLand/assets/scripts/Adaptor/BackgroundAdapter.ts from cce:/internal/x/prerequisite-imports as file:///C:/eulerland%20game/EulerLand/assets/scripts/Adaptor/BackgroundAdapter.ts.
debug: Resolve file:///C:/eulerland%20game/EulerLand/assets/scripts/Adaptor/ContentAdapter.ts from cce:/internal/x/prerequisite-imports as file:///C:/eulerland%20game/EulerLand/assets/scripts/Adaptor/ContentAdapter.ts.
debug: Resolve file:///C:/eulerland%20game/EulerLand/assets/scripts/Adaptor/CloseToBorderComponent.ts from cce:/internal/x/prerequisite-imports as file:///C:/eulerland%20game/EulerLand/assets/scripts/Adaptor/CloseToBorderComponent.ts.
debug: Resolve file:///C:/eulerland%20game/EulerLand/assets/scripts/Adaptor/MultiResoultionCompat.ts from cce:/internal/x/prerequisite-imports as file:///C:/eulerland%20game/EulerLand/assets/scripts/Adaptor/MultiResoultionCompat.ts.
debug: Resolve file:///C:/eulerland%20game/EulerLand/assets/scripts/global/GlobalFunction.ts from cce:/internal/x/prerequisite-imports as file:///C:/eulerland%20game/EulerLand/assets/scripts/global/GlobalFunction.ts.
debug: Resolve file:///C:/eulerland%20game/EulerLand/assets/scripts/parkour/AudioManager.ts from cce:/internal/x/prerequisite-imports as file:///C:/eulerland%20game/EulerLand/assets/scripts/parkour/AudioManager.ts.
debug: Resolve file:///C:/eulerland%20game/EulerLand/assets/scripts/parkour/CameraControl.ts from cce:/internal/x/prerequisite-imports as file:///C:/eulerland%20game/EulerLand/assets/scripts/parkour/CameraControl.ts.
debug: Resolve file:///C:/eulerland%20game/EulerLand/assets/scripts/parkour/BlockPoolControl.ts from cce:/internal/x/prerequisite-imports as file:///C:/eulerland%20game/EulerLand/assets/scripts/parkour/BlockPoolControl.ts.
debug: Resolve file:///C:/eulerland%20game/EulerLand/assets/scripts/parkour/GameManager.ts from cce:/internal/x/prerequisite-imports as file:///C:/eulerland%20game/EulerLand/assets/scripts/parkour/GameManager.ts.
debug: Resolve file:///C:/eulerland%20game/EulerLand/assets/scripts/parkour/GameRoot.ts from cce:/internal/x/prerequisite-imports as file:///C:/eulerland%20game/EulerLand/assets/scripts/parkour/GameRoot.ts.
debug: Resolve file:///C:/eulerland%20game/EulerLand/assets/scripts/parkour/Introduce.ts from cce:/internal/x/prerequisite-imports as file:///C:/eulerland%20game/EulerLand/assets/scripts/parkour/Introduce.ts.
debug: Resolve file:///C:/eulerland%20game/EulerLand/assets/scripts/parkour/ItemS.ts from cce:/internal/x/prerequisite-imports as file:///C:/eulerland%20game/EulerLand/assets/scripts/parkour/ItemS.ts.
debug: Resolve file:///C:/eulerland%20game/EulerLand/assets/scripts/parkour/PlayerControl.ts from cce:/internal/x/prerequisite-imports as file:///C:/eulerland%20game/EulerLand/assets/scripts/parkour/PlayerControl.ts.
debug: Resolve file:///C:/eulerland%20game/EulerLand/assets/scripts/parkour/Q&A.ts from cce:/internal/x/prerequisite-imports as file:///C:/eulerland%20game/EulerLand/assets/scripts/parkour/Q&A.ts.
debug: Resolve file:///C:/eulerland%20game/EulerLand/assets/scripts/puzzle/BagManager.ts from cce:/internal/x/prerequisite-imports as file:///C:/eulerland%20game/EulerLand/assets/scripts/puzzle/BagManager.ts.
debug: Resolve file:///C:/eulerland%20game/EulerLand/assets/scripts/puzzle/Box1.ts from cce:/internal/x/prerequisite-imports as file:///C:/eulerland%20game/EulerLand/assets/scripts/puzzle/Box1.ts.
debug: Resolve file:///C:/eulerland%20game/EulerLand/assets/scripts/puzzle/Box2.ts from cce:/internal/x/prerequisite-imports as file:///C:/eulerland%20game/EulerLand/assets/scripts/puzzle/Box2.ts.
debug: Resolve file:///C:/eulerland%20game/EulerLand/assets/scripts/puzzle/DialogManager.ts from cce:/internal/x/prerequisite-imports as file:///C:/eulerland%20game/EulerLand/assets/scripts/puzzle/DialogManager.ts.
debug: Resolve file:///C:/eulerland%20game/EulerLand/assets/scripts/puzzle/Drag.ts from cce:/internal/x/prerequisite-imports as file:///C:/eulerland%20game/EulerLand/assets/scripts/puzzle/Drag.ts.
debug: Resolve file:///C:/eulerland%20game/EulerLand/assets/scripts/puzzle/EventManager.ts from cce:/internal/x/prerequisite-imports as file:///C:/eulerland%20game/EulerLand/assets/scripts/puzzle/EventManager.ts.
debug: Resolve file:///C:/eulerland%20game/EulerLand/assets/scripts/puzzle/Fade.ts from cce:/internal/x/prerequisite-imports as file:///C:/eulerland%20game/EulerLand/assets/scripts/puzzle/Fade.ts.
debug: Resolve file:///C:/eulerland%20game/EulerLand/assets/scripts/puzzle/GameManager2.ts from cce:/internal/x/prerequisite-imports as file:///C:/eulerland%20game/EulerLand/assets/scripts/puzzle/GameManager2.ts.
debug: Resolve file:///C:/eulerland%20game/EulerLand/assets/scripts/puzzle/ItemStatus.ts from cce:/internal/x/prerequisite-imports as file:///C:/eulerland%20game/EulerLand/assets/scripts/puzzle/ItemStatus.ts.
debug: Resolve file:///C:/eulerland%20game/EulerLand/assets/scripts/puzzle/PlayerPuzzleControl.ts from cce:/internal/x/prerequisite-imports as file:///C:/eulerland%20game/EulerLand/assets/scripts/puzzle/PlayerPuzzleControl.ts.
debug: Resolve file:///C:/eulerland%20game/EulerLand/assets/scripts/puzzle/Q&A2.ts from cce:/internal/x/prerequisite-imports as file:///C:/eulerland%20game/EulerLand/assets/scripts/puzzle/Q&A2.ts.
debug: Resolve file:///C:/eulerland%20game/EulerLand/assets/scripts/puzzle/Sudoku.ts from cce:/internal/x/prerequisite-imports as file:///C:/eulerland%20game/EulerLand/assets/scripts/puzzle/Sudoku.ts.
debug: Resolve file:///C:/eulerland%20game/EulerLand/assets/scripts/puzzle/typescript-001.ts from cce:/internal/x/prerequisite-imports as file:///C:/eulerland%20game/EulerLand/assets/scripts/puzzle/typescript-001.ts.
debug: Resolve file:///C:/eulerland%20game/EulerLand/assets/scripts/puzzle/UIManager.ts from cce:/internal/x/prerequisite-imports as file:///C:/eulerland%20game/EulerLand/assets/scripts/puzzle/UIManager.ts.
debug: Resolve file:///C:/eulerland%20game/EulerLand/assets/scripts/start/StartSceneOption.ts from cce:/internal/x/prerequisite-imports as file:///C:/eulerland%20game/EulerLand/assets/scripts/start/StartSceneOption.ts.
debug: Inspect file:///C:/eulerland%20game/EulerLand/assets/scripts/Adaptor/BackgroundAdapter.ts
debug: Inspect file:///C:/eulerland%20game/EulerLand/assets/scripts/Adaptor/ContentAdapter.ts
debug: Inspect file:///C:/eulerland%20game/EulerLand/assets/scripts/Adaptor/CloseToBorderComponent.ts
debug: Inspect file:///C:/eulerland%20game/EulerLand/assets/scripts/Adaptor/MultiResoultionCompat.ts
debug: Inspect file:///C:/eulerland%20game/EulerLand/assets/scripts/global/GlobalFunction.ts
debug: Inspect file:///C:/eulerland%20game/EulerLand/assets/scripts/parkour/AudioManager.ts
debug: Inspect file:///C:/eulerland%20game/EulerLand/assets/scripts/parkour/CameraControl.ts
debug: Inspect file:///C:/eulerland%20game/EulerLand/assets/scripts/parkour/BlockPoolControl.ts
debug: Inspect file:///C:/eulerland%20game/EulerLand/assets/scripts/parkour/GameManager.ts
debug: Inspect file:///C:/eulerland%20game/EulerLand/assets/scripts/parkour/GameRoot.ts
debug: Inspect file:///C:/eulerland%20game/EulerLand/assets/scripts/parkour/Introduce.ts
debug: Inspect file:///C:/eulerland%20game/EulerLand/assets/scripts/parkour/ItemS.ts
debug: Inspect file:///C:/eulerland%20game/EulerLand/assets/scripts/parkour/PlayerControl.ts
debug: Inspect file:///C:/eulerland%20game/EulerLand/assets/scripts/parkour/Q&A.ts
debug: Inspect file:///C:/eulerland%20game/EulerLand/assets/scripts/puzzle/BagManager.ts
debug: Inspect file:///C:/eulerland%20game/EulerLand/assets/scripts/puzzle/Box1.ts
debug: Inspect file:///C:/eulerland%20game/EulerLand/assets/scripts/puzzle/Box2.ts
debug: Inspect file:///C:/eulerland%20game/EulerLand/assets/scripts/puzzle/DialogManager.ts
debug: Inspect file:///C:/eulerland%20game/EulerLand/assets/scripts/puzzle/Drag.ts
debug: Inspect file:///C:/eulerland%20game/EulerLand/assets/scripts/puzzle/EventManager.ts
debug: Inspect file:///C:/eulerland%20game/EulerLand/assets/scripts/puzzle/Fade.ts
debug: Inspect file:///C:/eulerland%20game/EulerLand/assets/scripts/puzzle/GameManager2.ts
debug: Inspect file:///C:/eulerland%20game/EulerLand/assets/scripts/puzzle/ItemStatus.ts
debug: Inspect file:///C:/eulerland%20game/EulerLand/assets/scripts/puzzle/PlayerPuzzleControl.ts
debug: Inspect file:///C:/eulerland%20game/EulerLand/assets/scripts/puzzle/Q&A2.ts
debug: Inspect file:///C:/eulerland%20game/EulerLand/assets/scripts/puzzle/Sudoku.ts
debug: Inspect file:///C:/eulerland%20game/EulerLand/assets/scripts/puzzle/typescript-001.ts
debug: Inspect file:///C:/eulerland%20game/EulerLand/assets/scripts/puzzle/UIManager.ts
debug: Inspect file:///C:/eulerland%20game/EulerLand/assets/scripts/start/StartSceneOption.ts
debug: Resolve cc from file:///C:/eulerland%20game/EulerLand/assets/scripts/Adaptor/BackgroundAdapter.ts as cce:/internal/x/cc.
debug: Resolve cc from file:///C:/eulerland%20game/EulerLand/assets/scripts/Adaptor/ContentAdapter.ts as cce:/internal/x/cc.
debug: Resolve cc from file:///C:/eulerland%20game/EulerLand/assets/scripts/Adaptor/ContentAdapter.ts as cce:/internal/x/cc.
debug: Resolve cc from file:///C:/eulerland%20game/EulerLand/assets/scripts/Adaptor/CloseToBorderComponent.ts as cce:/internal/x/cc.
debug: Resolve cc from file:///C:/eulerland%20game/EulerLand/assets/scripts/Adaptor/MultiResoultionCompat.ts as cce:/internal/x/cc.
debug: Resolve cc from file:///C:/eulerland%20game/EulerLand/assets/scripts/global/GlobalFunction.ts as cce:/internal/x/cc.
debug: Resolve cc from file:///C:/eulerland%20game/EulerLand/assets/scripts/global/GlobalFunction.ts as cce:/internal/x/cc.
debug: Resolve cc from file:///C:/eulerland%20game/EulerLand/assets/scripts/parkour/CameraControl.ts as cce:/internal/x/cc.
debug: Resolve cc from file:///C:/eulerland%20game/EulerLand/assets/scripts/parkour/CameraControl.ts as cce:/internal/x/cc.
debug: Resolve cc from file:///C:/eulerland%20game/EulerLand/assets/scripts/parkour/AudioManager.ts as cce:/internal/x/cc.
debug: Resolve cc from file:///C:/eulerland%20game/EulerLand/assets/scripts/parkour/AudioManager.ts as cce:/internal/x/cc.
debug: Resolve cce:/internal/code-quality/cr.mjs from file:///C:/eulerland%20game/EulerLand/assets/scripts/parkour/BlockPoolControl.ts as cce:/internal/code-quality/cr.mjs.
debug: Resolve cc from file:///C:/eulerland%20game/EulerLand/assets/scripts/parkour/BlockPoolControl.ts as cce:/internal/x/cc.
debug: Resolve cc from file:///C:/eulerland%20game/EulerLand/assets/scripts/parkour/BlockPoolControl.ts as cce:/internal/x/cc.
debug: Detected change: cce:/internal/code-quality/cr.mjs. Last mtime: Fri Oct 29 2021 09:17:10 GMT+0800 (中国标准时间), Current mtime: Fri Oct 29 2021 16:07:57 GMT+0800 (中国标准时间)
debug: Inspect cce:/internal/code-quality/cr.mjs
debug: Resolve cce:/internal/code-quality/cr.mjs from file:///C:/eulerland%20game/EulerLand/assets/scripts/parkour/GameManager.ts as cce:/internal/code-quality/cr.mjs.
debug: Resolve cc from file:///C:/eulerland%20game/EulerLand/assets/scripts/parkour/GameManager.ts as cce:/internal/x/cc.
debug: Resolve cc from file:///C:/eulerland%20game/EulerLand/assets/scripts/parkour/GameManager.ts as cce:/internal/x/cc.
debug: Resolve cc from file:///C:/eulerland%20game/EulerLand/assets/scripts/parkour/Introduce.ts as cce:/internal/x/cc.
debug: Resolve cc from file:///C:/eulerland%20game/EulerLand/assets/scripts/parkour/Introduce.ts as cce:/internal/x/cc.
debug: Resolve cce:/internal/code-quality/cr.mjs from file:///C:/eulerland%20game/EulerLand/assets/scripts/parkour/GameRoot.ts as cce:/internal/code-quality/cr.mjs.
debug: Resolve cc from file:///C:/eulerland%20game/EulerLand/assets/scripts/parkour/GameRoot.ts as cce:/internal/x/cc.
debug: Resolve cc from file:///C:/eulerland%20game/EulerLand/assets/scripts/parkour/GameRoot.ts as cce:/internal/x/cc.
debug: Resolve cc from file:///C:/eulerland%20game/EulerLand/assets/scripts/parkour/ItemS.ts as cce:/internal/x/cc.
debug: Resolve cc from file:///C:/eulerland%20game/EulerLand/assets/scripts/parkour/ItemS.ts as cce:/internal/x/cc.
debug: Resolve cce:/internal/code-quality/cr.mjs from file:///C:/eulerland%20game/EulerLand/assets/scripts/parkour/PlayerControl.ts as cce:/internal/code-quality/cr.mjs.
debug: Resolve cc from file:///C:/eulerland%20game/EulerLand/assets/scripts/parkour/PlayerControl.ts as cce:/internal/x/cc.
debug: Resolve cc from file:///C:/eulerland%20game/EulerLand/assets/scripts/parkour/PlayerControl.ts as cce:/internal/x/cc.
debug: Resolve cc from file:///C:/eulerland%20game/EulerLand/assets/scripts/parkour/PlayerControl.ts as cce:/internal/x/cc.
debug: Resolve cc from file:///C:/eulerland%20game/EulerLand/assets/scripts/parkour/PlayerControl.ts as cce:/internal/x/cc.
debug: Resolve cce:/internal/code-quality/cr.mjs from file:///C:/eulerland%20game/EulerLand/assets/scripts/parkour/Q&A.ts as cce:/internal/code-quality/cr.mjs.
debug: Resolve cc from file:///C:/eulerland%20game/EulerLand/assets/scripts/parkour/Q&A.ts as cce:/internal/x/cc.
debug: Resolve cc from file:///C:/eulerland%20game/EulerLand/assets/scripts/parkour/Q&A.ts as cce:/internal/x/cc.
debug: Resolve cce:/internal/code-quality/cr.mjs from file:///C:/eulerland%20game/EulerLand/assets/scripts/puzzle/BagManager.ts as cce:/internal/code-quality/cr.mjs.
debug: Resolve cc from file:///C:/eulerland%20game/EulerLand/assets/scripts/puzzle/BagManager.ts as cce:/internal/x/cc.
debug: Resolve cc from file:///C:/eulerland%20game/EulerLand/assets/scripts/puzzle/BagManager.ts as cce:/internal/x/cc.
debug: Resolve cc from file:///C:/eulerland%20game/EulerLand/assets/scripts/puzzle/Box1.ts as cce:/internal/x/cc.
debug: Resolve cc from file:///C:/eulerland%20game/EulerLand/assets/scripts/puzzle/Box1.ts as cce:/internal/x/cc.
debug: Resolve cc from file:///C:/eulerland%20game/EulerLand/assets/scripts/puzzle/Box2.ts as cce:/internal/x/cc.
debug: Resolve cc from file:///C:/eulerland%20game/EulerLand/assets/scripts/puzzle/Box2.ts as cce:/internal/x/cc.
debug: Resolve cc from file:///C:/eulerland%20game/EulerLand/assets/scripts/puzzle/DialogManager.ts as cce:/internal/x/cc.
debug: Resolve cc from file:///C:/eulerland%20game/EulerLand/assets/scripts/puzzle/DialogManager.ts as cce:/internal/x/cc.
debug: Resolve cce:/internal/code-quality/cr.mjs from file:///C:/eulerland%20game/EulerLand/assets/scripts/puzzle/EventManager.ts as cce:/internal/code-quality/cr.mjs.
debug: Resolve cc from file:///C:/eulerland%20game/EulerLand/assets/scripts/puzzle/EventManager.ts as cce:/internal/x/cc.
debug: Resolve cc from file:///C:/eulerland%20game/EulerLand/assets/scripts/puzzle/EventManager.ts as cce:/internal/x/cc.
debug: Resolve cc from file:///C:/eulerland%20game/EulerLand/assets/scripts/puzzle/Drag.ts as cce:/internal/x/cc.
debug: Resolve cc from file:///C:/eulerland%20game/EulerLand/assets/scripts/puzzle/Drag.ts as cce:/internal/x/cc.
debug: Resolve cc from file:///C:/eulerland%20game/EulerLand/assets/scripts/puzzle/Fade.ts as cce:/internal/x/cc.
debug: Resolve cc from file:///C:/eulerland%20game/EulerLand/assets/scripts/puzzle/Fade.ts as cce:/internal/x/cc.
debug: Resolve cce:/internal/code-quality/cr.mjs from file:///C:/eulerland%20game/EulerLand/assets/scripts/puzzle/GameManager2.ts as cce:/internal/code-quality/cr.mjs.
debug: Resolve cc from file:///C:/eulerland%20game/EulerLand/assets/scripts/puzzle/GameManager2.ts as cce:/internal/x/cc.
debug: Resolve cc from file:///C:/eulerland%20game/EulerLand/assets/scripts/puzzle/GameManager2.ts as cce:/internal/x/cc.
debug: Resolve cce:/internal/code-quality/cr.mjs from file:///C:/eulerland%20game/EulerLand/assets/scripts/puzzle/ItemStatus.ts as cce:/internal/code-quality/cr.mjs.
debug: Resolve cc from file:///C:/eulerland%20game/EulerLand/assets/scripts/puzzle/ItemStatus.ts as cce:/internal/x/cc.
debug: Resolve cc from file:///C:/eulerland%20game/EulerLand/assets/scripts/puzzle/ItemStatus.ts as cce:/internal/x/cc.
debug: Resolve cc from file:///C:/eulerland%20game/EulerLand/assets/scripts/puzzle/PlayerPuzzleControl.ts as cce:/internal/x/cc.
debug: Resolve cc from file:///C:/eulerland%20game/EulerLand/assets/scripts/puzzle/PlayerPuzzleControl.ts as cce:/internal/x/cc.
debug: Resolve cce:/internal/code-quality/cr.mjs from file:///C:/eulerland%20game/EulerLand/assets/scripts/puzzle/Q&A2.ts as cce:/internal/code-quality/cr.mjs.
debug: Resolve cc from file:///C:/eulerland%20game/EulerLand/assets/scripts/puzzle/Q&A2.ts as cce:/internal/x/cc.
debug: Resolve cc from file:///C:/eulerland%20game/EulerLand/assets/scripts/puzzle/Q&A2.ts as cce:/internal/x/cc.
debug: Resolve cc from file:///C:/eulerland%20game/EulerLand/assets/scripts/puzzle/Sudoku.ts as cce:/internal/x/cc.
debug: Resolve cc from file:///C:/eulerland%20game/EulerLand/assets/scripts/puzzle/Sudoku.ts as cce:/internal/x/cc.
debug: Resolve cc from file:///C:/eulerland%20game/EulerLand/assets/scripts/puzzle/typescript-001.ts as cce:/internal/x/cc.
debug: Resolve cc from file:///C:/eulerland%20game/EulerLand/assets/scripts/puzzle/typescript-001.ts as cce:/internal/x/cc.
debug: Resolve cc from file:///C:/eulerland%20game/EulerLand/assets/scripts/start/StartSceneOption.ts as cce:/internal/x/cc.
debug: Resolve cc from file:///C:/eulerland%20game/EulerLand/assets/scripts/start/StartSceneOption.ts as cce:/internal/x/cc.
debug: Resolve cce:/internal/code-quality/cr.mjs from file:///C:/eulerland%20game/EulerLand/assets/scripts/puzzle/UIManager.ts as cce:/internal/code-quality/cr.mjs.
debug: Resolve cc from file:///C:/eulerland%20game/EulerLand/assets/scripts/puzzle/UIManager.ts as cce:/internal/x/cc.
debug: Resolve cc from file:///C:/eulerland%20game/EulerLand/assets/scripts/puzzle/UIManager.ts as cce:/internal/x/cc.
debug: Resolve ./PlayerControl from file:///C:/eulerland%20game/EulerLand/assets/scripts/parkour/BlockPoolControl.ts as file:///C:/eulerland%20game/EulerLand/assets/scripts/parkour/PlayerControl.ts.
debug: Resolve ./PlayerControl from file:///C:/eulerland%20game/EulerLand/assets/scripts/parkour/GameManager.ts as file:///C:/eulerland%20game/EulerLand/assets/scripts/parkour/PlayerControl.ts.
debug: Resolve ./AudioManager from file:///C:/eulerland%20game/EulerLand/assets/scripts/parkour/GameManager.ts as file:///C:/eulerland%20game/EulerLand/assets/scripts/parkour/AudioManager.ts.
debug: Resolve ./AudioManager from file:///C:/eulerland%20game/EulerLand/assets/scripts/parkour/GameRoot.ts as file:///C:/eulerland%20game/EulerLand/assets/scripts/parkour/AudioManager.ts.
debug: Resolve ./GameManager from file:///C:/eulerland%20game/EulerLand/assets/scripts/parkour/PlayerControl.ts as file:///C:/eulerland%20game/EulerLand/assets/scripts/parkour/GameManager.ts.
debug: Resolve ./ItemS from file:///C:/eulerland%20game/EulerLand/assets/scripts/parkour/PlayerControl.ts as file:///C:/eulerland%20game/EulerLand/assets/scripts/parkour/ItemS.ts.
debug: Resolve ./AudioManager from file:///C:/eulerland%20game/EulerLand/assets/scripts/parkour/PlayerControl.ts as file:///C:/eulerland%20game/EulerLand/assets/scripts/parkour/AudioManager.ts.
debug: Resolve ./Q&A from file:///C:/eulerland%20game/EulerLand/assets/scripts/parkour/PlayerControl.ts as file:///C:/eulerland%20game/EulerLand/assets/scripts/parkour/Q&A.ts.
debug: Resolve ./GameManager from file:///C:/eulerland%20game/EulerLand/assets/scripts/parkour/Q&A.ts as file:///C:/eulerland%20game/EulerLand/assets/scripts/parkour/GameManager.ts.
debug: Resolve ../global/GlobalFunction from file:///C:/eulerland%20game/EulerLand/assets/scripts/parkour/Q&A.ts as file:///C:/eulerland%20game/EulerLand/assets/scripts/global/GlobalFunction.ts.
debug: Resolve ./PlayerControl from file:///C:/eulerland%20game/EulerLand/assets/scripts/parkour/Q&A.ts as file:///C:/eulerland%20game/EulerLand/assets/scripts/parkour/PlayerControl.ts.
debug: Resolve ./AudioManager from file:///C:/eulerland%20game/EulerLand/assets/scripts/parkour/Q&A.ts as file:///C:/eulerland%20game/EulerLand/assets/scripts/parkour/AudioManager.ts.
debug: Resolve ./EventManager from file:///C:/eulerland%20game/EulerLand/assets/scripts/puzzle/BagManager.ts as file:///C:/eulerland%20game/EulerLand/assets/scripts/puzzle/EventManager.ts.
debug: Resolve ./ItemStatus from file:///C:/eulerland%20game/EulerLand/assets/scripts/puzzle/BagManager.ts as file:///C:/eulerland%20game/EulerLand/assets/scripts/puzzle/ItemStatus.ts.
debug: Resolve ./Fade from file:///C:/eulerland%20game/EulerLand/assets/scripts/puzzle/GameManager2.ts as file:///C:/eulerland%20game/EulerLand/assets/scripts/puzzle/Fade.ts.
debug: Resolve ./UIManager from file:///C:/eulerland%20game/EulerLand/assets/scripts/puzzle/ItemStatus.ts as file:///C:/eulerland%20game/EulerLand/assets/scripts/puzzle/UIManager.ts.
debug: Resolve ../global/GlobalFunction from file:///C:/eulerland%20game/EulerLand/assets/scripts/puzzle/Q&A2.ts as file:///C:/eulerland%20game/EulerLand/assets/scripts/global/GlobalFunction.ts.
debug: Resolve ./Fade from file:///C:/eulerland%20game/EulerLand/assets/scripts/puzzle/UIManager.ts as file:///C:/eulerland%20game/EulerLand/assets/scripts/puzzle/Fade.ts.
debug: Resolve ./BagManager from file:///C:/eulerland%20game/EulerLand/assets/scripts/puzzle/UIManager.ts as file:///C:/eulerland%20game/EulerLand/assets/scripts/puzzle/BagManager.ts.
debug: Resolve ./ItemStatus from file:///C:/eulerland%20game/EulerLand/assets/scripts/puzzle/UIManager.ts as file:///C:/eulerland%20game/EulerLand/assets/scripts/puzzle/ItemStatus.ts.
debug: Target(editor) ends with cost 1208.1329999566078ms.
debug: Target(preview) build started.
debug: Detected change: cce:/internal/x/cc. Last mtime: Thu Jan 01 1970 08:00:04 GMT+0800 (中国标准时间), Current mtime: Thu Jan 01 1970 08:00:05 GMT+0800 (中国标准时间)
debug: Inspect cce:/internal/x/cc
debug: Resolve cce:/internal/x/cc-fu/base from cce:/internal/x/cc as external dependency cce:/internal/x/cc-fu/base.
debug: Resolve cce:/internal/x/cc-fu/gfx-webgl from cce:/internal/x/cc as external dependency cce:/internal/x/cc-fu/gfx-webgl.
debug: Resolve cce:/internal/x/cc-fu/gfx-webgl2 from cce:/internal/x/cc as external dependency cce:/internal/x/cc-fu/gfx-webgl2.
debug: Resolve cce:/internal/x/cc-fu/3d from cce:/internal/x/cc as external dependency cce:/internal/x/cc-fu/3d.
debug: Resolve cce:/internal/x/cc-fu/2d from cce:/internal/x/cc as external dependency cce:/internal/x/cc-fu/2d.
debug: Resolve cce:/internal/x/cc-fu/ui from cce:/internal/x/cc as external dependency cce:/internal/x/cc-fu/ui.
debug: Resolve cce:/internal/x/cc-fu/particle from cce:/internal/x/cc as external dependency cce:/internal/x/cc-fu/particle.
debug: Resolve cce:/internal/x/cc-fu/physics-ammo from cce:/internal/x/cc as external dependency cce:/internal/x/cc-fu/physics-ammo.
debug: Resolve cce:/internal/x/cc-fu/physics-framework from cce:/internal/x/cc as external dependency cce:/internal/x/cc-fu/physics-framework.
debug: Resolve cce:/internal/x/cc-fu/wait-for-ammo-instantiation from cce:/internal/x/cc as external dependency cce:/internal/x/cc-fu/wait-for-ammo-instantiation.
debug: Resolve cce:/internal/x/cc-fu/physics-2d-box2d from cce:/internal/x/cc as external dependency cce:/internal/x/cc-fu/physics-2d-box2d.
debug: Resolve cce:/internal/x/cc-fu/physics-2d-framework from cce:/internal/x/cc as external dependency cce:/internal/x/cc-fu/physics-2d-framework.
debug: Resolve cce:/internal/x/cc-fu/intersection-2d from cce:/internal/x/cc as external dependency cce:/internal/x/cc-fu/intersection-2d.
debug: Resolve cce:/internal/x/cc-fu/primitive from cce:/internal/x/cc as external dependency cce:/internal/x/cc-fu/primitive.
debug: Resolve cce:/internal/x/cc-fu/profiler from cce:/internal/x/cc as external dependency cce:/internal/x/cc-fu/profiler.
debug: Resolve cce:/internal/x/cc-fu/particle-2d from cce:/internal/x/cc as external dependency cce:/internal/x/cc-fu/particle-2d.
debug: Resolve cce:/internal/x/cc-fu/audio from cce:/internal/x/cc as external dependency cce:/internal/x/cc-fu/audio.
debug: Resolve cce:/internal/x/cc-fu/video from cce:/internal/x/cc as external dependency cce:/internal/x/cc-fu/video.
debug: Resolve cce:/internal/x/cc-fu/webview from cce:/internal/x/cc as external dependency cce:/internal/x/cc-fu/webview.
debug: Resolve cce:/internal/x/cc-fu/tween from cce:/internal/x/cc as external dependency cce:/internal/x/cc-fu/tween.
debug: Resolve cce:/internal/x/cc-fu/terrain from cce:/internal/x/cc as external dependency cce:/internal/x/cc-fu/terrain.
debug: Resolve cce:/internal/x/cc-fu/tiled-map from cce:/internal/x/cc as external dependency cce:/internal/x/cc-fu/tiled-map.
debug: Resolve cce:/internal/x/cc-fu/spine from cce:/internal/x/cc as external dependency cce:/internal/x/cc-fu/spine.
debug: Resolve cce:/internal/x/cc-fu/dragon-bones from cce:/internal/x/cc as external dependency cce:/internal/x/cc-fu/dragon-bones.
debug: Detected change: cce:/internal/x/prerequisite-imports. Last mtime: Thu Jan 01 1970 10:31:41 GMT+0800 (中国标准时间), Current mtime: Thu Jan 01 1970 08:00:30 GMT+0800 (中国标准时间)
debug: Inspect cce:/internal/x/prerequisite-imports
debug: Resolve file:///C:/eulerland%20game/EulerLand/assets/scripts/Adaptor/BackgroundAdapter.ts from cce:/internal/x/prerequisite-imports as file:///C:/eulerland%20game/EulerLand/assets/scripts/Adaptor/BackgroundAdapter.ts.
debug: Resolve file:///C:/eulerland%20game/EulerLand/assets/scripts/Adaptor/CloseToBorderComponent.ts from cce:/internal/x/prerequisite-imports as file:///C:/eulerland%20game/EulerLand/assets/scripts/Adaptor/CloseToBorderComponent.ts.
debug: Resolve file:///C:/eulerland%20game/EulerLand/assets/scripts/global/GlobalFunction.ts from cce:/internal/x/prerequisite-imports as file:///C:/eulerland%20game/EulerLand/assets/scripts/global/GlobalFunction.ts.
debug: Resolve file:///C:/eulerland%20game/EulerLand/assets/scripts/Adaptor/ContentAdapter.ts from cce:/internal/x/prerequisite-imports as file:///C:/eulerland%20game/EulerLand/assets/scripts/Adaptor/ContentAdapter.ts.
debug: Resolve file:///C:/eulerland%20game/EulerLand/assets/scripts/parkour/AudioManager.ts from cce:/internal/x/prerequisite-imports as file:///C:/eulerland%20game/EulerLand/assets/scripts/parkour/AudioManager.ts.
debug: Resolve file:///C:/eulerland%20game/EulerLand/assets/scripts/Adaptor/MultiResoultionCompat.ts from cce:/internal/x/prerequisite-imports as file:///C:/eulerland%20game/EulerLand/assets/scripts/Adaptor/MultiResoultionCompat.ts.
debug: Resolve file:///C:/eulerland%20game/EulerLand/assets/scripts/parkour/BlockPoolControl.ts from cce:/internal/x/prerequisite-imports as file:///C:/eulerland%20game/EulerLand/assets/scripts/parkour/BlockPoolControl.ts.
debug: Resolve file:///C:/eulerland%20game/EulerLand/assets/scripts/parkour/CameraControl.ts from cce:/internal/x/prerequisite-imports as file:///C:/eulerland%20game/EulerLand/assets/scripts/parkour/CameraControl.ts.
debug: Resolve file:///C:/eulerland%20game/EulerLand/assets/scripts/parkour/GameManager.ts from cce:/internal/x/prerequisite-imports as file:///C:/eulerland%20game/EulerLand/assets/scripts/parkour/GameManager.ts.
debug: Resolve file:///C:/eulerland%20game/EulerLand/assets/scripts/parkour/GameRoot.ts from cce:/internal/x/prerequisite-imports as file:///C:/eulerland%20game/EulerLand/assets/scripts/parkour/GameRoot.ts.
debug: Resolve file:///C:/eulerland%20game/EulerLand/assets/scripts/parkour/Introduce.ts from cce:/internal/x/prerequisite-imports as file:///C:/eulerland%20game/EulerLand/assets/scripts/parkour/Introduce.ts.
debug: Resolve file:///C:/eulerland%20game/EulerLand/assets/scripts/parkour/ItemS.ts from cce:/internal/x/prerequisite-imports as file:///C:/eulerland%20game/EulerLand/assets/scripts/parkour/ItemS.ts.
debug: Resolve file:///C:/eulerland%20game/EulerLand/assets/scripts/parkour/PlayerControl.ts from cce:/internal/x/prerequisite-imports as file:///C:/eulerland%20game/EulerLand/assets/scripts/parkour/PlayerControl.ts.
debug: Resolve file:///C:/eulerland%20game/EulerLand/assets/scripts/parkour/Q&A.ts from cce:/internal/x/prerequisite-imports as file:///C:/eulerland%20game/EulerLand/assets/scripts/parkour/Q&A.ts.
debug: Resolve file:///C:/eulerland%20game/EulerLand/assets/scripts/puzzle/BagManager.ts from cce:/internal/x/prerequisite-imports as file:///C:/eulerland%20game/EulerLand/assets/scripts/puzzle/BagManager.ts.
debug: Resolve file:///C:/eulerland%20game/EulerLand/assets/scripts/puzzle/Box1.ts from cce:/internal/x/prerequisite-imports as file:///C:/eulerland%20game/EulerLand/assets/scripts/puzzle/Box1.ts.
debug: Resolve file:///C:/eulerland%20game/EulerLand/assets/scripts/puzzle/Box2.ts from cce:/internal/x/prerequisite-imports as file:///C:/eulerland%20game/EulerLand/assets/scripts/puzzle/Box2.ts.
debug: Resolve file:///C:/eulerland%20game/EulerLand/assets/scripts/puzzle/DialogManager.ts from cce:/internal/x/prerequisite-imports as file:///C:/eulerland%20game/EulerLand/assets/scripts/puzzle/DialogManager.ts.
debug: Resolve file:///C:/eulerland%20game/EulerLand/assets/scripts/puzzle/Drag.ts from cce:/internal/x/prerequisite-imports as file:///C:/eulerland%20game/EulerLand/assets/scripts/puzzle/Drag.ts.
debug: Resolve file:///C:/eulerland%20game/EulerLand/assets/scripts/puzzle/EventManager.ts from cce:/internal/x/prerequisite-imports as file:///C:/eulerland%20game/EulerLand/assets/scripts/puzzle/EventManager.ts.
debug: Resolve file:///C:/eulerland%20game/EulerLand/assets/scripts/puzzle/Fade.ts from cce:/internal/x/prerequisite-imports as file:///C:/eulerland%20game/EulerLand/assets/scripts/puzzle/Fade.ts.
debug: Resolve file:///C:/eulerland%20game/EulerLand/assets/scripts/puzzle/GameManager2.ts from cce:/internal/x/prerequisite-imports as file:///C:/eulerland%20game/EulerLand/assets/scripts/puzzle/GameManager2.ts.
debug: Resolve file:///C:/eulerland%20game/EulerLand/assets/scripts/puzzle/ItemStatus.ts from cce:/internal/x/prerequisite-imports as file:///C:/eulerland%20game/EulerLand/assets/scripts/puzzle/ItemStatus.ts.
debug: Resolve file:///C:/eulerland%20game/EulerLand/assets/scripts/puzzle/PlayerPuzzleControl.ts from cce:/internal/x/prerequisite-imports as file:///C:/eulerland%20game/EulerLand/assets/scripts/puzzle/PlayerPuzzleControl.ts.
debug: Resolve file:///C:/eulerland%20game/EulerLand/assets/scripts/puzzle/Q&A2.ts from cce:/internal/x/prerequisite-imports as file:///C:/eulerland%20game/EulerLand/assets/scripts/puzzle/Q&A2.ts.
debug: Resolve file:///C:/eulerland%20game/EulerLand/assets/scripts/puzzle/Sudoku.ts from cce:/internal/x/prerequisite-imports as file:///C:/eulerland%20game/EulerLand/assets/scripts/puzzle/Sudoku.ts.
debug: Resolve file:///C:/eulerland%20game/EulerLand/assets/scripts/puzzle/UIManager.ts from cce:/internal/x/prerequisite-imports as file:///C:/eulerland%20game/EulerLand/assets/scripts/puzzle/UIManager.ts.
debug: Resolve file:///C:/eulerland%20game/EulerLand/assets/scripts/puzzle/typescript-001.ts from cce:/internal/x/prerequisite-imports as file:///C:/eulerland%20game/EulerLand/assets/scripts/puzzle/typescript-001.ts.
debug: Resolve file:///C:/eulerland%20game/EulerLand/assets/scripts/start/StartSceneOption.ts from cce:/internal/x/prerequisite-imports as file:///C:/eulerland%20game/EulerLand/assets/scripts/start/StartSceneOption.ts.
debug: Inspect file:///C:/eulerland%20game/EulerLand/assets/scripts/Adaptor/BackgroundAdapter.ts
debug: Inspect file:///C:/eulerland%20game/EulerLand/assets/scripts/Adaptor/CloseToBorderComponent.ts
debug: Inspect file:///C:/eulerland%20game/EulerLand/assets/scripts/global/GlobalFunction.ts
debug: Inspect file:///C:/eulerland%20game/EulerLand/assets/scripts/Adaptor/ContentAdapter.ts
debug: Inspect file:///C:/eulerland%20game/EulerLand/assets/scripts/parkour/AudioManager.ts
debug: Inspect file:///C:/eulerland%20game/EulerLand/assets/scripts/Adaptor/MultiResoultionCompat.ts
debug: Inspect file:///C:/eulerland%20game/EulerLand/assets/scripts/parkour/BlockPoolControl.ts
debug: Inspect file:///C:/eulerland%20game/EulerLand/assets/scripts/parkour/CameraControl.ts
debug: Inspect file:///C:/eulerland%20game/EulerLand/assets/scripts/parkour/GameManager.ts
debug: Inspect file:///C:/eulerland%20game/EulerLand/assets/scripts/parkour/GameRoot.ts
debug: Inspect file:///C:/eulerland%20game/EulerLand/assets/scripts/parkour/Introduce.ts
debug: Inspect file:///C:/eulerland%20game/EulerLand/assets/scripts/parkour/ItemS.ts
debug: Inspect file:///C:/eulerland%20game/EulerLand/assets/scripts/parkour/PlayerControl.ts
debug: Inspect file:///C:/eulerland%20game/EulerLand/assets/scripts/parkour/Q&A.ts
debug: Inspect file:///C:/eulerland%20game/EulerLand/assets/scripts/puzzle/BagManager.ts
debug: Inspect file:///C:/eulerland%20game/EulerLand/assets/scripts/puzzle/Box1.ts
debug: Inspect file:///C:/eulerland%20game/EulerLand/assets/scripts/puzzle/Box2.ts
debug: Inspect file:///C:/eulerland%20game/EulerLand/assets/scripts/puzzle/DialogManager.ts
debug: Inspect file:///C:/eulerland%20game/EulerLand/assets/scripts/puzzle/Drag.ts
debug: Inspect file:///C:/eulerland%20game/EulerLand/assets/scripts/puzzle/EventManager.ts
debug: Inspect file:///C:/eulerland%20game/EulerLand/assets/scripts/puzzle/Fade.ts
debug: Inspect file:///C:/eulerland%20game/EulerLand/assets/scripts/puzzle/GameManager2.ts
debug: Inspect file:///C:/eulerland%20game/EulerLand/assets/scripts/puzzle/ItemStatus.ts
debug: Inspect file:///C:/eulerland%20game/EulerLand/assets/scripts/puzzle/PlayerPuzzleControl.ts
debug: Inspect file:///C:/eulerland%20game/EulerLand/assets/scripts/puzzle/Q&A2.ts
debug: Inspect file:///C:/eulerland%20game/EulerLand/assets/scripts/puzzle/Sudoku.ts
debug: Inspect file:///C:/eulerland%20game/EulerLand/assets/scripts/puzzle/UIManager.ts
debug: Inspect file:///C:/eulerland%20game/EulerLand/assets/scripts/puzzle/typescript-001.ts
debug: Inspect file:///C:/eulerland%20game/EulerLand/assets/scripts/start/StartSceneOption.ts
debug: Resolve cc from file:///C:/eulerland%20game/EulerLand/assets/scripts/Adaptor/BackgroundAdapter.ts as cce:/internal/x/cc.
debug: Resolve cc from file:///C:/eulerland%20game/EulerLand/assets/scripts/global/GlobalFunction.ts as cce:/internal/x/cc.
debug: Resolve cc from file:///C:/eulerland%20game/EulerLand/assets/scripts/global/GlobalFunction.ts as cce:/internal/x/cc.
debug: Resolve cc from file:///C:/eulerland%20game/EulerLand/assets/scripts/parkour/AudioManager.ts as cce:/internal/x/cc.
debug: Resolve cc from file:///C:/eulerland%20game/EulerLand/assets/scripts/parkour/AudioManager.ts as cce:/internal/x/cc.
debug: Resolve cc from file:///C:/eulerland%20game/EulerLand/assets/scripts/Adaptor/CloseToBorderComponent.ts as cce:/internal/x/cc.
debug: Resolve cce:/internal/code-quality/cr.mjs from file:///C:/eulerland%20game/EulerLand/assets/scripts/parkour/BlockPoolControl.ts as cce:/internal/code-quality/cr.mjs.
debug: Resolve cc from file:///C:/eulerland%20game/EulerLand/assets/scripts/parkour/BlockPoolControl.ts as cce:/internal/x/cc.
debug: Resolve cc from file:///C:/eulerland%20game/EulerLand/assets/scripts/parkour/BlockPoolControl.ts as cce:/internal/x/cc.
debug: Detected change: cce:/internal/code-quality/cr.mjs. Last mtime: Fri Oct 29 2021 09:17:10 GMT+0800 (中国标准时间), Current mtime: Fri Oct 29 2021 16:07:57 GMT+0800 (中国标准时间)
debug: Inspect cce:/internal/code-quality/cr.mjs
debug: Resolve cc from file:///C:/eulerland%20game/EulerLand/assets/scripts/Adaptor/ContentAdapter.ts as cce:/internal/x/cc.
debug: Resolve cc from file:///C:/eulerland%20game/EulerLand/assets/scripts/Adaptor/ContentAdapter.ts as cce:/internal/x/cc.
debug: Resolve cc from file:///C:/eulerland%20game/EulerLand/assets/scripts/Adaptor/MultiResoultionCompat.ts as cce:/internal/x/cc.
debug: Resolve cce:/internal/code-quality/cr.mjs from file:///C:/eulerland%20game/EulerLand/assets/scripts/parkour/GameManager.ts as cce:/internal/code-quality/cr.mjs.
debug: Resolve cc from file:///C:/eulerland%20game/EulerLand/assets/scripts/parkour/GameManager.ts as cce:/internal/x/cc.
debug: Resolve cc from file:///C:/eulerland%20game/EulerLand/assets/scripts/parkour/GameManager.ts as cce:/internal/x/cc.
debug: Resolve cc from file:///C:/eulerland%20game/EulerLand/assets/scripts/parkour/CameraControl.ts as cce:/internal/x/cc.
debug: Resolve cc from file:///C:/eulerland%20game/EulerLand/assets/scripts/parkour/CameraControl.ts as cce:/internal/x/cc.
debug: Resolve cce:/internal/code-quality/cr.mjs from file:///C:/eulerland%20game/EulerLand/assets/scripts/parkour/GameRoot.ts as cce:/internal/code-quality/cr.mjs.
debug: Resolve cc from file:///C:/eulerland%20game/EulerLand/assets/scripts/parkour/GameRoot.ts as cce:/internal/x/cc.
debug: Resolve cc from file:///C:/eulerland%20game/EulerLand/assets/scripts/parkour/GameRoot.ts as cce:/internal/x/cc.
debug: Resolve cc from file:///C:/eulerland%20game/EulerLand/assets/scripts/parkour/ItemS.ts as cce:/internal/x/cc.
debug: Resolve cc from file:///C:/eulerland%20game/EulerLand/assets/scripts/parkour/ItemS.ts as cce:/internal/x/cc.
debug: Resolve cce:/internal/code-quality/cr.mjs from file:///C:/eulerland%20game/EulerLand/assets/scripts/parkour/PlayerControl.ts as cce:/internal/code-quality/cr.mjs.
debug: Resolve cc from file:///C:/eulerland%20game/EulerLand/assets/scripts/parkour/PlayerControl.ts as cce:/internal/x/cc.
debug: Resolve cc from file:///C:/eulerland%20game/EulerLand/assets/scripts/parkour/PlayerControl.ts as cce:/internal/x/cc.
debug: Resolve cc from file:///C:/eulerland%20game/EulerLand/assets/scripts/parkour/PlayerControl.ts as cce:/internal/x/cc.
debug: Resolve cc from file:///C:/eulerland%20game/EulerLand/assets/scripts/parkour/PlayerControl.ts as cce:/internal/x/cc.
debug: Resolve cc from file:///C:/eulerland%20game/EulerLand/assets/scripts/parkour/Introduce.ts as cce:/internal/x/cc.
debug: Resolve cc from file:///C:/eulerland%20game/EulerLand/assets/scripts/parkour/Introduce.ts as cce:/internal/x/cc.
debug: Resolve cce:/internal/code-quality/cr.mjs from file:///C:/eulerland%20game/EulerLand/assets/scripts/puzzle/BagManager.ts as cce:/internal/code-quality/cr.mjs.
debug: Resolve cc from file:///C:/eulerland%20game/EulerLand/assets/scripts/puzzle/BagManager.ts as cce:/internal/x/cc.
debug: Resolve cc from file:///C:/eulerland%20game/EulerLand/assets/scripts/puzzle/BagManager.ts as cce:/internal/x/cc.
debug: Resolve cc from file:///C:/eulerland%20game/EulerLand/assets/scripts/puzzle/Box1.ts as cce:/internal/x/cc.
debug: Resolve cc from file:///C:/eulerland%20game/EulerLand/assets/scripts/puzzle/Box1.ts as cce:/internal/x/cc.
debug: Resolve cc from file:///C:/eulerland%20game/EulerLand/assets/scripts/puzzle/Box2.ts as cce:/internal/x/cc.
debug: Resolve cc from file:///C:/eulerland%20game/EulerLand/assets/scripts/puzzle/Box2.ts as cce:/internal/x/cc.
debug: Resolve cce:/internal/code-quality/cr.mjs from file:///C:/eulerland%20game/EulerLand/assets/scripts/parkour/Q&A.ts as cce:/internal/code-quality/cr.mjs.
debug: Resolve cc from file:///C:/eulerland%20game/EulerLand/assets/scripts/parkour/Q&A.ts as cce:/internal/x/cc.
debug: Resolve cc from file:///C:/eulerland%20game/EulerLand/assets/scripts/parkour/Q&A.ts as cce:/internal/x/cc.
debug: Resolve cc from file:///C:/eulerland%20game/EulerLand/assets/scripts/puzzle/DialogManager.ts as cce:/internal/x/cc.
debug: Resolve cc from file:///C:/eulerland%20game/EulerLand/assets/scripts/puzzle/DialogManager.ts as cce:/internal/x/cc.
debug: Resolve cce:/internal/code-quality/cr.mjs from file:///C:/eulerland%20game/EulerLand/assets/scripts/puzzle/EventManager.ts as cce:/internal/code-quality/cr.mjs.
debug: Resolve cc from file:///C:/eulerland%20game/EulerLand/assets/scripts/puzzle/EventManager.ts as cce:/internal/x/cc.
debug: Resolve cc from file:///C:/eulerland%20game/EulerLand/assets/scripts/puzzle/EventManager.ts as cce:/internal/x/cc.
debug: Resolve cc from file:///C:/eulerland%20game/EulerLand/assets/scripts/puzzle/Fade.ts as cce:/internal/x/cc.
debug: Resolve cc from file:///C:/eulerland%20game/EulerLand/assets/scripts/puzzle/Fade.ts as cce:/internal/x/cc.
debug: Resolve cc from file:///C:/eulerland%20game/EulerLand/assets/scripts/puzzle/Drag.ts as cce:/internal/x/cc.
debug: Resolve cc from file:///C:/eulerland%20game/EulerLand/assets/scripts/puzzle/Drag.ts as cce:/internal/x/cc.
debug: Resolve cce:/internal/code-quality/cr.mjs from file:///C:/eulerland%20game/EulerLand/assets/scripts/puzzle/ItemStatus.ts as cce:/internal/code-quality/cr.mjs.
debug: Resolve cc from file:///C:/eulerland%20game/EulerLand/assets/scripts/puzzle/ItemStatus.ts as cce:/internal/x/cc.
debug: Resolve cc from file:///C:/eulerland%20game/EulerLand/assets/scripts/puzzle/ItemStatus.ts as cce:/internal/x/cc.
debug: Resolve cce:/internal/code-quality/cr.mjs from file:///C:/eulerland%20game/EulerLand/assets/scripts/puzzle/GameManager2.ts as cce:/internal/code-quality/cr.mjs.
debug: Resolve cc from file:///C:/eulerland%20game/EulerLand/assets/scripts/puzzle/GameManager2.ts as cce:/internal/x/cc.
debug: Resolve cc from file:///C:/eulerland%20game/EulerLand/assets/scripts/puzzle/GameManager2.ts as cce:/internal/x/cc.
debug: Resolve cc from file:///C:/eulerland%20game/EulerLand/assets/scripts/puzzle/PlayerPuzzleControl.ts as cce:/internal/x/cc.
debug: Resolve cc from file:///C:/eulerland%20game/EulerLand/assets/scripts/puzzle/PlayerPuzzleControl.ts as cce:/internal/x/cc.
debug: Resolve cce:/internal/code-quality/cr.mjs from file:///C:/eulerland%20game/EulerLand/assets/scripts/puzzle/Q&A2.ts as cce:/internal/code-quality/cr.mjs.
debug: Resolve cc from file:///C:/eulerland%20game/EulerLand/assets/scripts/puzzle/Q&A2.ts as cce:/internal/x/cc.
debug: Resolve cc from file:///C:/eulerland%20game/EulerLand/assets/scripts/puzzle/Q&A2.ts as cce:/internal/x/cc.
debug: Resolve cc from file:///C:/eulerland%20game/EulerLand/assets/scripts/puzzle/typescript-001.ts as cce:/internal/x/cc.
debug: Resolve cc from file:///C:/eulerland%20game/EulerLand/assets/scripts/puzzle/typescript-001.ts as cce:/internal/x/cc.
debug: Resolve cc from file:///C:/eulerland%20game/EulerLand/assets/scripts/puzzle/Sudoku.ts as cce:/internal/x/cc.
debug: Resolve cc from file:///C:/eulerland%20game/EulerLand/assets/scripts/puzzle/Sudoku.ts as cce:/internal/x/cc.
debug: Resolve cce:/internal/code-quality/cr.mjs from file:///C:/eulerland%20game/EulerLand/assets/scripts/puzzle/UIManager.ts as cce:/internal/code-quality/cr.mjs.
debug: Resolve cc from file:///C:/eulerland%20game/EulerLand/assets/scripts/puzzle/UIManager.ts as cce:/internal/x/cc.
debug: Resolve cc from file:///C:/eulerland%20game/EulerLand/assets/scripts/puzzle/UIManager.ts as cce:/internal/x/cc.
debug: Resolve cc from file:///C:/eulerland%20game/EulerLand/assets/scripts/start/StartSceneOption.ts as cce:/internal/x/cc.
debug: Resolve cc from file:///C:/eulerland%20game/EulerLand/assets/scripts/start/StartSceneOption.ts as cce:/internal/x/cc.
debug: Resolve ./PlayerControl from file:///C:/eulerland%20game/EulerLand/assets/scripts/parkour/BlockPoolControl.ts as file:///C:/eulerland%20game/EulerLand/assets/scripts/parkour/PlayerControl.ts.
debug: Resolve ./PlayerControl from file:///C:/eulerland%20game/EulerLand/assets/scripts/parkour/GameManager.ts as file:///C:/eulerland%20game/EulerLand/assets/scripts/parkour/PlayerControl.ts.
debug: Resolve ./AudioManager from file:///C:/eulerland%20game/EulerLand/assets/scripts/parkour/GameManager.ts as file:///C:/eulerland%20game/EulerLand/assets/scripts/parkour/AudioManager.ts.
debug: Resolve ./AudioManager from file:///C:/eulerland%20game/EulerLand/assets/scripts/parkour/GameRoot.ts as file:///C:/eulerland%20game/EulerLand/assets/scripts/parkour/AudioManager.ts.
debug: Resolve ./GameManager from file:///C:/eulerland%20game/EulerLand/assets/scripts/parkour/PlayerControl.ts as file:///C:/eulerland%20game/EulerLand/assets/scripts/parkour/GameManager.ts.
debug: Resolve ./ItemS from file:///C:/eulerland%20game/EulerLand/assets/scripts/parkour/PlayerControl.ts as file:///C:/eulerland%20game/EulerLand/assets/scripts/parkour/ItemS.ts.
debug: Resolve ./Q&A from file:///C:/eulerland%20game/EulerLand/assets/scripts/parkour/PlayerControl.ts as file:///C:/eulerland%20game/EulerLand/assets/scripts/parkour/Q&A.ts.
debug: Resolve ./AudioManager from file:///C:/eulerland%20game/EulerLand/assets/scripts/parkour/PlayerControl.ts as file:///C:/eulerland%20game/EulerLand/assets/scripts/parkour/AudioManager.ts.
debug: Resolve ./EventManager from file:///C:/eulerland%20game/EulerLand/assets/scripts/puzzle/BagManager.ts as file:///C:/eulerland%20game/EulerLand/assets/scripts/puzzle/EventManager.ts.
debug: Resolve ./ItemStatus from file:///C:/eulerland%20game/EulerLand/assets/scripts/puzzle/BagManager.ts as file:///C:/eulerland%20game/EulerLand/assets/scripts/puzzle/ItemStatus.ts.
debug: Resolve ./GameManager from file:///C:/eulerland%20game/EulerLand/assets/scripts/parkour/Q&A.ts as file:///C:/eulerland%20game/EulerLand/assets/scripts/parkour/GameManager.ts.
debug: Resolve ./PlayerControl from file:///C:/eulerland%20game/EulerLand/assets/scripts/parkour/Q&A.ts as file:///C:/eulerland%20game/EulerLand/assets/scripts/parkour/PlayerControl.ts.
debug: Resolve ./AudioManager from file:///C:/eulerland%20game/EulerLand/assets/scripts/parkour/Q&A.ts as file:///C:/eulerland%20game/EulerLand/assets/scripts/parkour/AudioManager.ts.
debug: Resolve ../global/GlobalFunction from file:///C:/eulerland%20game/EulerLand/assets/scripts/parkour/Q&A.ts as file:///C:/eulerland%20game/EulerLand/assets/scripts/global/GlobalFunction.ts.
debug: Resolve ./UIManager from file:///C:/eulerland%20game/EulerLand/assets/scripts/puzzle/ItemStatus.ts as file:///C:/eulerland%20game/EulerLand/assets/scripts/puzzle/UIManager.ts.
debug: Resolve ./Fade from file:///C:/eulerland%20game/EulerLand/assets/scripts/puzzle/GameManager2.ts as file:///C:/eulerland%20game/EulerLand/assets/scripts/puzzle/Fade.ts.
debug: Resolve ./Fade from file:///C:/eulerland%20game/EulerLand/assets/scripts/puzzle/UIManager.ts as file:///C:/eulerland%20game/EulerLand/assets/scripts/puzzle/Fade.ts.
debug: Resolve ../global/GlobalFunction from file:///C:/eulerland%20game/EulerLand/assets/scripts/puzzle/Q&A2.ts as file:///C:/eulerland%20game/EulerLand/assets/scripts/global/GlobalFunction.ts.
debug: Resolve ./BagManager from file:///C:/eulerland%20game/EulerLand/assets/scripts/puzzle/UIManager.ts as file:///C:/eulerland%20game/EulerLand/assets/scripts/puzzle/BagManager.ts.
debug: Resolve ./ItemStatus from file:///C:/eulerland%20game/EulerLand/assets/scripts/puzzle/UIManager.ts as file:///C:/eulerland%20game/EulerLand/assets/scripts/puzzle/ItemStatus.ts.
debug: Target(preview) ends with cost 1311.3698009848595ms.
